<?xml version="1.0" encoding="UTF-8"?>
<testng-results skipped="0" failed="0" ignored="0" total="1" passed="1">
  <reporter-output>
  </reporter-output>
  <suite name="Default suite" duration-ms="42657" started-at="2019-09-09T06:30:07Z" finished-at="2019-09-09T06:30:49Z">
    <groups>
    </groups>
    <test name="Default test" duration-ms="42657" started-at="2019-09-09T06:30:07Z" finished-at="2019-09-09T06:30:49Z">
      <class name="com.training.sanity.tests.DeleteProductTest_RTTC_015">
        <test-method status="PASS" signature="setUpBeforeClass()[pri:0, instance:com.training.sanity.tests.DeleteProductTest_RTTC_015@457e2f02]" name="setUpBeforeClass" is-config="true" duration-ms="18" started-at="2019-09-09T12:00:07Z" finished-at="2019-09-09T12:00:07Z">
          <reporter-output>
          </reporter-output>
        </test-method> <!-- setUpBeforeClass -->
        <test-method status="PASS" signature="setUp()[pri:0, instance:com.training.sanity.tests.DeleteProductTest_RTTC_015@457e2f02]" name="setUp" is-config="true" duration-ms="11001" started-at="2019-09-09T12:00:07Z" finished-at="2019-09-09T12:00:18Z">
          <reporter-output>
          </reporter-output>
        </test-method> <!-- setUp -->
        <test-method status="PASS" signature="validLoginTest()[pri:0, instance:com.training.sanity.tests.DeleteProductTest_RTTC_015@457e2f02]" name="validLoginTest" duration-ms="30047" started-at="2019-09-09T12:00:18Z" finished-at="2019-09-09T12:00:48Z">
          <reporter-output>
          </reporter-output>
        </test-method> <!-- validLoginTest -->
        <test-method status="PASS" signature="tearDown()[pri:0, instance:com.training.sanity.tests.DeleteProductTest_RTTC_015@457e2f02]" name="tearDown" is-config="true" duration-ms="1557" started-at="2019-09-09T12:00:48Z" finished-at="2019-09-09T12:00:49Z">
          <reporter-output>
          </reporter-output>
        </test-method> <!-- tearDown -->
      </class> <!-- com.training.sanity.tests.DeleteProductTest_RTTC_015 -->
    </test> <!-- Default test -->
  </suite> <!-- Default suite -->
</testng-results>
