<?xml version="1.0" encoding="UTF-8"?>
<testng-results skipped="0" failed="0" ignored="0" total="6" passed="6">
  <reporter-output>
  </reporter-output>
  <suite name="Default suite" duration-ms="83236" started-at="2019-09-18T06:12:51Z" finished-at="2019-09-18T06:14:14Z">
    <groups>
    </groups>
    <test name="Default test" duration-ms="83236" started-at="2019-09-18T06:12:51Z" finished-at="2019-09-18T06:14:14Z">
      <class name="com.training.sanity.tests.RTTC_042_Test_AdminAddProduct">
        <test-method status="PASS" signature="setUpBeforeClass()[pri:0, instance:com.training.sanity.tests.RTTC_042_Test_AdminAddProduct@457e2f02]" name="setUpBeforeClass" is-config="true" duration-ms="8814" started-at="2019-09-18T11:42:51Z" finished-at="2019-09-18T11:43:00Z">
          <reporter-output>
          </reporter-output>
        </test-method> <!-- setUpBeforeClass -->
        <test-method status="PASS" signature="setUp()[pri:0, instance:com.training.sanity.tests.RTTC_042_Test_AdminAddProduct@457e2f02]" name="setUp" is-config="true" duration-ms="0" started-at="2019-09-18T11:43:00Z" finished-at="2019-09-18T11:43:00Z">
          <reporter-output>
          </reporter-output>
        </test-method> <!-- setUp -->
        <test-method status="PASS" signature="LoginTest1()[pri:0, instance:com.training.sanity.tests.RTTC_042_Test_AdminAddProduct@457e2f02]" name="LoginTest1" duration-ms="2667" started-at="2019-09-18T11:43:00Z" finished-at="2019-09-18T11:43:03Z">
          <reporter-output>
          </reporter-output>
        </test-method> <!-- LoginTest1 -->
        <test-method status="PASS" signature="setUp()[pri:0, instance:com.training.sanity.tests.RTTC_042_Test_AdminAddProduct@457e2f02]" name="setUp" is-config="true" duration-ms="0" started-at="2019-09-18T11:43:03Z" finished-at="2019-09-18T11:43:03Z">
          <reporter-output>
          </reporter-output>
        </test-method> <!-- setUp -->
        <test-method status="PASS" signature="CatalogMenuTest2()[pri:0, instance:com.training.sanity.tests.RTTC_042_Test_AdminAddProduct@457e2f02]" name="CatalogMenuTest2" duration-ms="4575" started-at="2019-09-18T11:43:03Z" depends-on-methods="com.training.sanity.tests.RTTC_042_Test_AdminAddProduct.LoginTest1" finished-at="2019-09-18T11:43:07Z">
          <reporter-output>
          </reporter-output>
        </test-method> <!-- CatalogMenuTest2 -->
        <test-method status="PASS" signature="setUp()[pri:0, instance:com.training.sanity.tests.RTTC_042_Test_AdminAddProduct@457e2f02]" name="setUp" is-config="true" duration-ms="1" started-at="2019-09-18T11:43:07Z" finished-at="2019-09-18T11:43:07Z">
          <reporter-output>
          </reporter-output>
        </test-method> <!-- setUp -->
        <test-method status="PASS" signature="ProductTest3()[pri:0, instance:com.training.sanity.tests.RTTC_042_Test_AdminAddProduct@457e2f02]" name="ProductTest3" duration-ms="10806" started-at="2019-09-18T11:43:07Z" depends-on-methods="com.training.sanity.tests.RTTC_042_Test_AdminAddProduct.LoginTest1, com.training.sanity.tests.RTTC_042_Test_AdminAddProduct.CatalogMenuTest2" finished-at="2019-09-18T11:43:18Z">
          <reporter-output>
          </reporter-output>
        </test-method> <!-- ProductTest3 -->
        <test-method status="PASS" signature="setUp()[pri:0, instance:com.training.sanity.tests.RTTC_042_Test_AdminAddProduct@457e2f02]" name="setUp" is-config="true" duration-ms="0" started-at="2019-09-18T11:43:18Z" finished-at="2019-09-18T11:43:18Z">
          <reporter-output>
          </reporter-output>
        </test-method> <!-- setUp -->
        <test-method status="PASS" signature="ProductTest4()[pri:0, instance:com.training.sanity.tests.RTTC_042_Test_AdminAddProduct@457e2f02]" name="ProductTest4" duration-ms="15666" started-at="2019-09-18T11:43:18Z" depends-on-methods="com.training.sanity.tests.RTTC_042_Test_AdminAddProduct.ProductTest3, com.training.sanity.tests.RTTC_042_Test_AdminAddProduct.LoginTest1, com.training.sanity.tests.RTTC_042_Test_AdminAddProduct.CatalogMenuTest2" finished-at="2019-09-18T11:43:34Z">
          <reporter-output>
          </reporter-output>
        </test-method> <!-- ProductTest4 -->
        <test-method status="PASS" signature="setUp()[pri:0, instance:com.training.sanity.tests.RTTC_042_Test_AdminAddProduct@457e2f02]" name="setUp" is-config="true" duration-ms="0" started-at="2019-09-18T11:43:34Z" finished-at="2019-09-18T11:43:34Z">
          <reporter-output>
          </reporter-output>
        </test-method> <!-- setUp -->
        <test-method status="PASS" signature="DefaultTabTest5()[pri:0, instance:com.training.sanity.tests.RTTC_042_Test_AdminAddProduct@457e2f02]" name="DefaultTabTest5" duration-ms="32068" started-at="2019-09-18T11:43:34Z" depends-on-methods="com.training.sanity.tests.RTTC_042_Test_AdminAddProduct.ProductTest3, com.training.sanity.tests.RTTC_042_Test_AdminAddProduct.ProductTest4, com.training.sanity.tests.RTTC_042_Test_AdminAddProduct.LoginTest1, com.training.sanity.tests.RTTC_042_Test_AdminAddProduct.CatalogMenuTest2" finished-at="2019-09-18T11:44:06Z">
          <reporter-output>
          </reporter-output>
        </test-method> <!-- DefaultTabTest5 -->
        <test-method status="PASS" signature="SaveButtonTest6()[pri:0, instance:com.training.sanity.tests.RTTC_042_Test_AdminAddProduct@457e2f02]" name="SaveButtonTest6" duration-ms="6674" started-at="2019-09-18T11:44:06Z" depends-on-methods="com.training.sanity.tests.RTTC_042_Test_AdminAddProduct.ProductTest3, com.training.sanity.tests.RTTC_042_Test_AdminAddProduct.ProductTest4, com.training.sanity.tests.RTTC_042_Test_AdminAddProduct.LoginTest1, com.training.sanity.tests.RTTC_042_Test_AdminAddProduct.CatalogMenuTest2, com.training.sanity.tests.RTTC_042_Test_AdminAddProduct.DefaultTabTest5" finished-at="2019-09-18T11:44:12Z">
          <reporter-output>
          </reporter-output>
        </test-method> <!-- SaveButtonTest6 -->
        <test-method status="PASS" signature="setUp()[pri:0, instance:com.training.sanity.tests.RTTC_042_Test_AdminAddProduct@457e2f02]" name="setUp" is-config="true" duration-ms="0" started-at="2019-09-18T11:44:06Z" finished-at="2019-09-18T11:44:06Z">
          <reporter-output>
          </reporter-output>
        </test-method> <!-- setUp -->
        <test-method status="PASS" signature="tearDown()[pri:0, instance:com.training.sanity.tests.RTTC_042_Test_AdminAddProduct@457e2f02]" name="tearDown" is-config="true" duration-ms="1907" started-at="2019-09-18T11:44:12Z" finished-at="2019-09-18T11:44:14Z">
          <reporter-output>
          </reporter-output>
        </test-method> <!-- tearDown -->
      </class> <!-- com.training.sanity.tests.RTTC_042_Test_AdminAddProduct -->
    </test> <!-- Default test -->
  </suite> <!-- Default suite -->
</testng-results>
