<?xml version="1.0" encoding="UTF-8"?>
<!-- Generated by org.testng.reporters.JUnitXMLReporter -->
<testsuite hostname="DESKTOP-R7L7OE4" ignored="0" name="Default test" tests="6" failures="0" timestamp="18 Sep 2019 06:14:14 GMT" time="83.236" errors="0">
  <testcase name="LoginTest1" time="2.667" classname="com.training.sanity.tests.RTTC_042_Test_AdminAddProduct"/>
  <testcase name="CatalogMenuTest2" time="4.575" classname="com.training.sanity.tests.RTTC_042_Test_AdminAddProduct"/>
  <testcase name="ProductTest3" time="10.806" classname="com.training.sanity.tests.RTTC_042_Test_AdminAddProduct"/>
  <testcase name="ProductTest4" time="15.666" classname="com.training.sanity.tests.RTTC_042_Test_AdminAddProduct"/>
  <testcase name="DefaultTabTest5" time="32.068" classname="com.training.sanity.tests.RTTC_042_Test_AdminAddProduct"/>
  <testcase name="SaveButtonTest6" time="6.674" classname="com.training.sanity.tests.RTTC_042_Test_AdminAddProduct"/>
</testsuite> <!-- Default test -->
