<?xml version="1.0" encoding="UTF-8"?>
<!-- Generated by org.testng.reporters.JUnitXMLReporter -->
<testsuite hostname="DESKTOP-R7L7OE4" ignored="0" name="Default test" tests="4" failures="0" timestamp="26 Sep 2019 06:24:55 GMT" time="158.627" errors="0">
  <testcase name="AddProductExcelTest" time="41.481" classname="com.training.regression.tests.RTTC_075_Test_UserReturnOrderedproducts"/>
  <testcase name="AddProductExcelTest" time="22.478" classname="com.training.regression.tests.RTTC_075_Test_UserReturnOrderedproducts"/>
  <testcase name="AddProductExcelTest" time="22.894" classname="com.training.regression.tests.RTTC_075_Test_UserReturnOrderedproducts"/>
  <testcase name="AddProductExcelTest" time="19.004" classname="com.training.regression.tests.RTTC_075_Test_UserReturnOrderedproducts"/>
</testsuite> <!-- Default test -->
